2024-10-10 10:12:50,700 [restartedMain] INFO  c.ktech.LogingSpringBootAppApplication             - Starting LogingSpringBootAppApplication using Java 17.0.9 with PID 14720 (D:\MY_WORK\JAVA\WORK_SPACE\loging-spring-boot-app\target\classes started by KRISHNA KANT TIWARI in D:\MY_WORK\JAVA\WORK_SPACE\loging-spring-boot-app)
2024-10-10 10:12:50,701 [restartedMain] INFO  c.ktech.LogingSpringBootAppApplication             - No active profile set, falling back to 1 default profile: "default"
2024-10-10 10:12:50,735 [restartedMain] INFO  o.s.b.d.e.DevToolsPropertyDefaultsPostProcessor    - Devtools property defaults active! Set 'spring.devtools.add-properties' to 'false' to disable
2024-10-10 10:12:50,735 [restartedMain] INFO  o.s.b.d.e.DevToolsPropertyDefaultsPostProcessor    - For additional web related logging consider setting the 'logging.level.web' property to 'DEBUG'
2024-10-10 10:12:51,374 [restartedMain] INFO  o.s.b.w.embedded.tomcat.TomcatWebServer            - Tomcat initialized with port 8080 (http)
2024-10-10 10:12:51,382 [restartedMain] INFO  o.apache.coyote.http11.Http11NioProtocol           - Initializing ProtocolHandler ["http-nio-8080"]
2024-10-10 10:12:51,385 [restartedMain] INFO  o.apache.catalina.core.StandardService             - Starting service [Tomcat]
2024-10-10 10:12:51,387 [restartedMain] INFO  org.apache.catalina.core.StandardEngine            - Starting Servlet engine: [Apache Tomcat/10.1.30]
2024-10-10 10:12:51,420 [restartedMain] INFO  o.a.c.c.C.[Tomcat].[localhost].[/]                 - Initializing Spring embedded WebApplicationContext
2024-10-10 10:12:51,421 [restartedMain] INFO  o.s.b.w.s.c.ServletWebServerApplicationContext     - Root WebApplicationContext: initialization completed in 679 ms
2024-10-10 10:12:51,656 [restartedMain] INFO  o.s.b.d.a.OptionalLiveReloadServer                 - LiveReload server is running on port 35729
2024-10-10 10:12:51,667 [restartedMain] INFO  o.apache.coyote.http11.Http11NioProtocol           - Starting ProtocolHandler ["http-nio-8080"]
2024-10-10 10:12:51,679 [restartedMain] INFO  o.s.b.w.embedded.tomcat.TomcatWebServer            - Tomcat started on port 8080 (http) with context path '/'
2024-10-10 10:12:51,688 [restartedMain] INFO  c.ktech.LogingSpringBootAppApplication             - Started LogingSpringBootAppApplication in 1.227 seconds (process running for 1.831)
2024-10-10 10:13:05,929 [http-nio-8080-exec-1] INFO  o.a.c.c.C.[Tomcat].[localhost].[/]                 - Initializing Spring DispatcherServlet 'dispatcherServlet'
2024-10-10 10:13:05,929 [http-nio-8080-exec-1] INFO  o.s.web.servlet.DispatcherServlet                  - Initializing Servlet 'dispatcherServlet'
2024-10-10 10:13:05,931 [http-nio-8080-exec-1] INFO  o.s.web.servlet.DispatcherServlet                  - Completed initialization in 2 ms
2024-10-10 10:13:05,952 [http-nio-8080-exec-1] INFO  com.ktech.rest.WelcomeRestController               - welcomeMsg() execution started.....
2024-10-10 10:13:05,952 [http-nio-8080-exec-1] ERROR com.ktech.rest.WelcomeRestController               - Exception Occured/ by zero
2024-10-10 10:13:05,952 [http-nio-8080-exec-1] WARN  com.ktech.rest.WelcomeRestController               - This is warning from welcome method...
2024-10-10 10:13:23,496 [File Watcher] INFO  o.s.b.d.a.LocalDevToolsAutoConfiguration$RestartingClassPathChangeChangedEventListener - Restarting due to 1 class path change (0 additions, 0 deletions, 1 modification)
2024-10-10 10:13:23,500 [Thread-5] INFO  o.apache.coyote.http11.Http11NioProtocol           - Stopping ProtocolHandler ["http-nio-8080"]
2024-10-10 10:13:23,636 [restartedMain] INFO  c.ktech.LogingSpringBootAppApplication             - Starting LogingSpringBootAppApplication using Java 17.0.9 with PID 14720 (D:\MY_WORK\JAVA\WORK_SPACE\loging-spring-boot-app\target\classes started by KRISHNA KANT TIWARI in D:\MY_WORK\JAVA\WORK_SPACE\loging-spring-boot-app)
2024-10-10 10:13:23,637 [restartedMain] INFO  c.ktech.LogingSpringBootAppApplication             - No active profile set, falling back to 1 default profile: "default"
2024-10-10 10:13:23,751 [restartedMain] INFO  o.s.b.w.embedded.tomcat.TomcatWebServer            - Tomcat initialized with port 8080 (http)
2024-10-10 10:13:23,752 [restartedMain] INFO  o.apache.coyote.http11.Http11NioProtocol           - Initializing ProtocolHandler ["http-nio-8080"]
2024-10-10 10:13:23,752 [restartedMain] INFO  o.apache.catalina.core.StandardService             - Starting service [Tomcat]
2024-10-10 10:13:23,752 [restartedMain] INFO  org.apache.catalina.core.StandardEngine            - Starting Servlet engine: [Apache Tomcat/10.1.30]
2024-10-10 10:13:23,761 [restartedMain] INFO  o.a.c.c.C.[Tomcat].[localhost].[/]                 - Initializing Spring embedded WebApplicationContext
2024-10-10 10:13:23,761 [restartedMain] INFO  o.s.b.w.s.c.ServletWebServerApplicationContext     - Root WebApplicationContext: initialization completed in 120 ms
2024-10-10 10:13:23,806 [restartedMain] INFO  o.s.b.d.a.OptionalLiveReloadServer                 - LiveReload server is running on port 35729
2024-10-10 10:13:23,809 [restartedMain] INFO  o.apache.coyote.http11.Http11NioProtocol           - Starting ProtocolHandler ["http-nio-8080"]
2024-10-10 10:13:23,811 [restartedMain] INFO  o.s.b.w.embedded.tomcat.TomcatWebServer            - Tomcat started on port 8080 (http) with context path '/'
2024-10-10 10:13:23,814 [restartedMain] INFO  c.ktech.LogingSpringBootAppApplication             - Started LogingSpringBootAppApplication in 0.202 seconds (process running for 33.957)
2024-10-10 10:13:23,816 [restartedMain] INFO  o.s.b.d.a.ConditionEvaluationDeltaLoggingListener  - Condition evaluation unchanged
2024-10-10 10:13:37,384 [File Watcher] INFO  o.s.b.d.a.LocalDevToolsAutoConfiguration$RestartingClassPathChangeChangedEventListener - Restarting due to 1 class path change (0 additions, 0 deletions, 1 modification)
2024-10-10 10:13:37,385 [Thread-7] INFO  o.apache.coyote.http11.Http11NioProtocol           - Stopping ProtocolHandler ["http-nio-8080"]
2024-10-10 10:13:37,502 [restartedMain] INFO  c.ktech.LogingSpringBootAppApplication             - Starting LogingSpringBootAppApplication using Java 17.0.9 with PID 14720 (D:\MY_WORK\JAVA\WORK_SPACE\loging-spring-boot-app\target\classes started by KRISHNA KANT TIWARI in D:\MY_WORK\JAVA\WORK_SPACE\loging-spring-boot-app)
2024-10-10 10:13:37,503 [restartedMain] INFO  c.ktech.LogingSpringBootAppApplication             - No active profile set, falling back to 1 default profile: "default"
2024-10-10 10:13:37,620 [restartedMain] INFO  o.s.b.w.embedded.tomcat.TomcatWebServer            - Tomcat initialized with port 8080 (http)
2024-10-10 10:13:37,621 [restartedMain] INFO  o.apache.coyote.http11.Http11NioProtocol           - Initializing ProtocolHandler ["http-nio-8080"]
2024-10-10 10:13:37,621 [restartedMain] INFO  o.apache.catalina.core.StandardService             - Starting service [Tomcat]
2024-10-10 10:13:37,621 [restartedMain] INFO  org.apache.catalina.core.StandardEngine            - Starting Servlet engine: [Apache Tomcat/10.1.30]
2024-10-10 10:13:37,628 [restartedMain] INFO  o.a.c.c.C.[Tomcat].[localhost].[/]                 - Initializing Spring embedded WebApplicationContext
2024-10-10 10:13:37,629 [restartedMain] INFO  o.s.b.w.s.c.ServletWebServerApplicationContext     - Root WebApplicationContext: initialization completed in 122 ms
2024-10-10 10:13:37,665 [restartedMain] INFO  o.s.b.d.a.OptionalLiveReloadServer                 - LiveReload server is running on port 35729
2024-10-10 10:13:37,669 [restartedMain] INFO  o.apache.coyote.http11.Http11NioProtocol           - Starting ProtocolHandler ["http-nio-8080"]
2024-10-10 10:13:37,672 [restartedMain] INFO  o.s.b.w.embedded.tomcat.TomcatWebServer            - Tomcat started on port 8080 (http) with context path '/'
2024-10-10 10:13:37,676 [restartedMain] INFO  c.ktech.LogingSpringBootAppApplication             - Started LogingSpringBootAppApplication in 0.19 seconds (process running for 47.82)
2024-10-10 10:13:37,677 [restartedMain] INFO  o.s.b.d.a.ConditionEvaluationDeltaLoggingListener  - Condition evaluation unchanged
2024-10-10 10:13:40,633 [RMI TCP Connection(5)-127.0.0.1] INFO  o.s.b.a.SpringApplicationAdminMXBeanRegistrar$SpringApplicationAdmin - Application shutdown requested.
2024-10-10 10:13:40,634 [RMI TCP Connection(5)-127.0.0.1] INFO  o.apache.coyote.http11.Http11NioProtocol           - Stopping ProtocolHandler ["http-nio-8080"]
2024-10-10 10:14:02,237 [restartedMain] INFO  c.ktech.LogingSpringBootAppApplication             - Starting LogingSpringBootAppApplication using Java 17.0.9 with PID 20472 (D:\MY_WORK\JAVA\WORK_SPACE\loging-spring-boot-app\target\classes started by KRISHNA KANT TIWARI in D:\MY_WORK\JAVA\WORK_SPACE\loging-spring-boot-app)
2024-10-10 10:14:02,240 [restartedMain] INFO  c.ktech.LogingSpringBootAppApplication             - No active profile set, falling back to 1 default profile: "default"
2024-10-10 10:14:02,274 [restartedMain] INFO  o.s.b.d.e.DevToolsPropertyDefaultsPostProcessor    - Devtools property defaults active! Set 'spring.devtools.add-properties' to 'false' to disable
2024-10-10 10:14:02,274 [restartedMain] INFO  o.s.b.d.e.DevToolsPropertyDefaultsPostProcessor    - For additional web related logging consider setting the 'logging.level.web' property to 'DEBUG'
2024-10-10 10:14:02,857 [restartedMain] INFO  o.s.b.w.embedded.tomcat.TomcatWebServer            - Tomcat initialized with port 8080 (http)
2024-10-10 10:14:02,864 [restartedMain] INFO  o.apache.coyote.http11.Http11NioProtocol           - Initializing ProtocolHandler ["http-nio-8080"]
2024-10-10 10:14:02,866 [restartedMain] INFO  o.apache.catalina.core.StandardService             - Starting service [Tomcat]
2024-10-10 10:14:02,866 [restartedMain] INFO  org.apache.catalina.core.StandardEngine            - Starting Servlet engine: [Apache Tomcat/10.1.30]
2024-10-10 10:14:02,906 [restartedMain] INFO  o.a.c.c.C.[Tomcat].[localhost].[/]                 - Initializing Spring embedded WebApplicationContext
2024-10-10 10:14:02,906 [restartedMain] INFO  o.s.b.w.s.c.ServletWebServerApplicationContext     - Root WebApplicationContext: initialization completed in 632 ms
2024-10-10 10:14:03,137 [restartedMain] INFO  o.s.b.d.a.OptionalLiveReloadServer                 - LiveReload server is running on port 35729
2024-10-10 10:14:03,150 [restartedMain] INFO  o.apache.coyote.http11.Http11NioProtocol           - Starting ProtocolHandler ["http-nio-8080"]
2024-10-10 10:14:03,168 [restartedMain] INFO  o.s.b.w.embedded.tomcat.TomcatWebServer            - Tomcat started on port 8080 (http) with context path '/'
2024-10-10 10:14:03,177 [restartedMain] INFO  c.ktech.LogingSpringBootAppApplication             - Started LogingSpringBootAppApplication in 1.211 seconds (process running for 1.697)
2024-10-10 10:14:25,361 [http-nio-8080-exec-1] INFO  o.a.c.c.C.[Tomcat].[localhost].[/]                 - Initializing Spring DispatcherServlet 'dispatcherServlet'
2024-10-10 10:14:25,361 [http-nio-8080-exec-1] INFO  o.s.web.servlet.DispatcherServlet                  - Initializing Servlet 'dispatcherServlet'
2024-10-10 10:14:25,363 [http-nio-8080-exec-1] INFO  o.s.web.servlet.DispatcherServlet                  - Completed initialization in 2 ms
2024-10-10 10:14:25,382 [http-nio-8080-exec-1] INFO  com.ktech.rest.WelcomeRestController               - welcomeMsg() execution started.....
2024-10-10 10:14:26,134 [http-nio-8080-exec-2] INFO  com.ktech.rest.WelcomeRestController               - welcomeMsg() execution started.....
2024-10-10 10:14:26,703 [http-nio-8080-exec-3] INFO  com.ktech.rest.WelcomeRestController               - welcomeMsg() execution started.....
2024-10-10 10:14:28,071 [http-nio-8080-exec-4] WARN  com.ktech.rest.WelcomeRestController               - This is warning from greet method...
2024-10-10 10:14:28,072 [http-nio-8080-exec-4] INFO  com.ktech.rest.WelcomeRestController               - greetMsg() execution started.....
2024-10-10 11:37:29,962 [RMI TCP Connection(14)-127.0.0.1] INFO  o.s.b.a.SpringApplicationAdminMXBeanRegistrar$SpringApplicationAdmin - Application shutdown requested.
2024-10-10 11:37:29,967 [RMI TCP Connection(14)-127.0.0.1] INFO  o.apache.coyote.http11.Http11NioProtocol           - Stopping ProtocolHandler ["http-nio-8080"]
